c:\Program Files\NVIDIA Corporation\FrameViewSDK\FrameView SDK License (3Sept2020).docx
c:\Users\yunfe\OneDrive\Documents\WeChat Files\wxid_qwi3306vb0xb12\FileStorage\File\2022-02\美国底层打工人的2021年终总结（多图）.docx
c:\Users\yunfe\OneDrive\Documents\WeChat Files\wxid_qwi3306vb0xb12\FileStorage\File\2022-02\美国底层打工人的2021年终总结（多图）.docx
c:\Users\yunfe\OneDrive\Documents\WeChat Files\wxid_qwi3306vb0xb12\FileStorage\File\2022-02\美国底层打工人的2021年终总结（多图）.docx
e:\ProgramData\NVIDIA Corporation\Downloader\PostProcessing\GFE\7600399294319e167afa40804dd932f8\FrameViewSDK\FrameView SDK License (3Sept2020).docx
c:\Program Files\NVIDIA Corporation\FrameViewSDK\FrameView SDK License (3Sept2020).docx
c:\Users\yunfe\OneDrive\Documents\WeChat Files\wxid_qwi3306vb0xb12\FileStorage\File\2022-02\美国底层打工人的2021年终总结（多图）.docx
c:\Users\yunfe\OneDrive\Documents\WeChat Files\wxid_qwi3306vb0xb12\FileStorage\File\2022-02\美国底层打工人的2021年终总结（多图）.docx
c:\Users\yunfe\OneDrive\Documents\WeChat Files\wxid_qwi3306vb0xb12\FileStorage\File\2022-02\美国底层打工人的2021年终总结（多图）.docx
e:\English\音频\Scientific American_60 S Science 2012\201202\20120201 Scorpion Armor Inspires Sand-Resistant Surfaces.doc
e:\English\音频\Scientific American_60 S Science 2012\201202\20120202 Signs Boost Stair Climbing.doc
e:\English\音频\Scientific American_60 S Science 2012\201202\20120203 Close Super Bowl Boosts Ad at End.doc
e:\English\音频\Scientific American_60 S Science 2012\201202\20120207 Visual Cues Encourage Vegetable Consumption.doc
e:\English\音频\Scientific American_60 S Science 2012\201202\20120208 Champagne Glass Shape Affects Gas Level.doc
e:\English\音频\Scientific American_60 S Science 2012\201202\20120209 Zebra Stripes Clash with Insect Interest.doc
e:\English\音频\Scientific American_60 S Science 2012\201202\20120210 Deep Sea Is Alive with Sound.doc
e:\English\音频\Scientific American_60 S Science 2012\201202\20120213 Cricket Fossil Reveals Ancient Song.doc
e:\English\音频\Scientific American_60 S Science 2012\201202\20120214 Self-Rated Health Predicts Mortality.doc
e:\English\音频\Scientific American_60 S Science 2012\201202\20120215 Upbleat Finding Kids Start to Sound Alike over Time.doc
e:\English\音频\Scientific American_60 S Science 2012\201202\20120216 Fruit Flies Take Medicinal Nips.doc
e:\English\音频\Scientific American_60 S Science 2012\201202\20120217 Journal Article Tweets May Predict Citations.doc
e:\家居生活\XZ\理财-20190817实时状态（最新）.docx
e:\家居生活\XZ\3-全家理财\3-全家理财\~$-20190511实时状态.docx
e:\家居生活\XZ\3-全家理财\3-全家理财\理财-20180601实时状态.docx
e:\家居生活\XZ\3-全家理财\3-全家理财\理财-20190511实时状态（最新）.docx
e:\家居生活\XZ\张洪福（晅生日）\张洪福（晅生日）\2019年之前历史记录（作废，已集中管理，见里面说明）\20190511-说明.docx
